Arguments: 
  /usr/local/bin/node /usr/local/bin/yarn add bcrypt --save--dev

PATH: 
  /usr/local/sbin:/usr/local/bin:/usr/sbin:/usr/bin:/sbin:/bin:/usr/games:/usr/local/games:/snap/bin:/usr/lib/jvm/default-java/bin

Yarn version: 
  1.9.4

Node version: 
  10.16.0

Platform: 
  linux x64

Trace: 
  Error: EACCES: permission denied, mkdir '/home/dot003/Desktop/registration1/node_modules/abbrev'

npm manifest: 
  {
    "name": "registration1",
    "version": "1.0.0",
    "description": "",
    "main": "index.js",
    "scripts": {
      "test": "echo \"Error: no test specified\" && exit 1"
    },
    "author": "",
    "license": "ISC",
    "dependencies": {
      "crypto": "^1.0.1",
      "express": "^4.17.1"
    }
  }

yarn manifest: 
  No manifest

Lockfile: 
  No lockfile
